Using pre-set license
Pro License: NO

 COMMAND LINE ARGUMENTS:
/Applications/Unity/Hub/Editor/2021.1.17f1/Unity.app/Contents/MacOS/Unity
-adb2
-batchMode
-noUpm
-name
AssetImportWorker0
-projectPath
/Users/mr13/Desktop/LJP_UNITY/urp
-logFile
Logs/AssetImportWorker0.log
-srvPort
50130
Successfully changed project path to: /Users/mr13/Desktop/LJP_UNITY/urp
/Users/mr13/Desktop/LJP_UNITY/urp
Using Asset Import Pipeline V2.
Refreshing native plugins compatible for Editor in 95.66 ms, found 2 plugins.
Preloading 0 native plugins for Editor in 0.00 ms.
Initialize engine version: 2021.1.17f1 (03b40fe07a36)
[Subsystems] Discovering subsystems at path /Applications/Unity/Hub/Editor/2021.1.17f1/Unity.app/Contents/Resources/UnitySubsystems
[Subsystems] Discovering subsystems at path /Users/mr13/Desktop/LJP_UNITY/urp/Assets
GfxDevice: creating device client; threaded=0; jobified=0
2021-11-15 10:39:19.232 Unity[2697:41777] LG UltraFine preferred device: AMD Radeon Pro W5700X (high power)
2021-11-15 10:39:19.232 Unity[2697:41777] Metal devices available: 1
2021-11-15 10:39:19.232 Unity[2697:41777] 0: AMD Radeon Pro W5700X (high power)
2021-11-15 10:39:19.233 Unity[2697:41777] Using device AMD Radeon Pro W5700X (high power)
Initializing Metal device caps: AMD Radeon Pro W5700X
Initialize mono
Mono path[0] = '/Applications/Unity/Hub/Editor/2021.1.17f1/Unity.app/Contents/Managed'
Mono path[1] = '/Applications/Unity/Hub/Editor/2021.1.17f1/Unity.app/Contents/MonoBleedingEdge/lib/mono/unityjit'
Mono config path = '/Applications/Unity/Hub/Editor/2021.1.17f1/Unity.app/Contents/MonoBleedingEdge/etc'
Using monoOptions --debugger-agent=transport=dt_socket,embedding=1,server=y,suspend=n,address=127.0.0.1:56697
Begin MonoManager ReloadAssembly
Registering precompiled unity dll's ...
Register platform support module: /Applications/Unity/Hub/Editor/2021.1.17f1/Unity.app/Contents/PlaybackEngines/MacStandaloneSupport/UnityEditor.OSXStandalone.Extensions.dll
Registered in 0.000524 seconds.
Native extension for OSXStandalone target not found
Refreshing native plugins compatible for Editor in 95.83 ms, found 2 plugins.
Preloading 0 native plugins for Editor in 0.00 ms.
Mono: successfully reloaded assembly
- Completed reload, in  3.268 seconds
Domain Reload Profiling:
	ReloadAssembly (3268ms)
		BeginReloadAssembly (49ms)
			ExecutionOrderSort (0ms)
			DisableScriptedObjects (0ms)
			BackupInstance (0ms)
			ReleaseScriptingObjects (0ms)
			CreateAndSetChildDomain (1ms)
		EndReloadAssembly (548ms)
			LoadAssemblies (48ms)
			RebuildTransferFunctionScriptingTraits (0ms)
			SetupTypeCache (211ms)
			ReleaseScriptCaches (0ms)
			RebuildScriptCaches (40ms)
			SetupLoadedEditorAssemblies (251ms)
				LogAssemblyErrors (0ms)
				InitializePlatformSupportModulesInManaged (6ms)
				SetLoadedEditorAssemblies (0ms)
				RefreshPlugins (96ms)
				BeforeProcessingInitializeOnLoad (1ms)
				ProcessInitializeOnLoadAttributes (115ms)
				ProcessInitializeOnLoadMethodAttributes (33ms)
				AfterProcessingInitializeOnLoad (0ms)
				EditorAssembliesLoaded (0ms)
			ExecutionOrderSort2 (0ms)
			AwakeInstancesAfterBackupRestoration (0ms)
Platform modules already initialized, skipping
Registering precompiled user dll's ...
Registered in 0.002765 seconds.
Begin MonoManager ReloadAssembly
Symbol file LoadedFromMemory doesn't match image /Users/mr13/Desktop/LJP_UNITY/urp/Library/PackageCache/com.unity.visualscripting@1.6.1/Editor/VisualScripting.Core/Dependencies/YamlDotNet/Unity.VisualScripting.YamlDotNet.dll
Symbol file LoadedFromMemory doesn't match image /Users/mr13/Desktop/LJP_UNITY/urp/Library/PackageCache/com.unity.visualscripting@1.6.1/Editor/VisualScripting.Core/Dependencies/DotNetZip/Unity.VisualScripting.IonicZip.dll
Native extension for OSXStandalone target not found
Refreshing native plugins compatible for Editor in 95.70 ms, found 2 plugins.
Preloading 0 native plugins for Editor in 0.00 ms.
Mono: successfully reloaded assembly
- Completed reload, in  1.562 seconds
Domain Reload Profiling:
	ReloadAssembly (1563ms)
		BeginReloadAssembly (186ms)
			ExecutionOrderSort (0ms)
			DisableScriptedObjects (5ms)
			BackupInstance (0ms)
			ReleaseScriptingObjects (0ms)
			CreateAndSetChildDomain (43ms)
		EndReloadAssembly (1305ms)
			LoadAssemblies (88ms)
			RebuildTransferFunctionScriptingTraits (0ms)
			SetupTypeCache (489ms)
			ReleaseScriptCaches (1ms)
			RebuildScriptCaches (70ms)
			SetupLoadedEditorAssemblies (533ms)
				LogAssemblyErrors (0ms)
				InitializePlatformSupportModulesInManaged (3ms)
				SetLoadedEditorAssemblies (0ms)
				RefreshPlugins (96ms)
				BeforeProcessingInitializeOnLoad (82ms)
				ProcessInitializeOnLoadAttributes (344ms)
				ProcessInitializeOnLoadMethodAttributes (6ms)
				AfterProcessingInitializeOnLoad (1ms)
				EditorAssembliesLoaded (0ms)
			ExecutionOrderSort2 (0ms)
			AwakeInstancesAfterBackupRestoration (8ms)
Platform modules already initialized, skipping
========================================================================
Worker process is ready to serve import requests
Launching external process: /Applications/Unity/Hub/Editor/2021.1.17f1/Unity.app/Contents/Tools/UnityShaderCompiler
Launched and connected shader compiler UnityShaderCompiler after 0.01 seconds
Refreshing native plugins compatible for Editor in 0.89 ms, found 2 plugins.
Preloading 0 native plugins for Editor in 0.00 ms.
Unloading 4222 Unused Serialized files (Serialized files now loaded: 0)
System memory in use before: 291.3 MB.
System memory in use after: 291.6 MB.

Unloading 22 unused Assets to reduce memory usage. Loaded Objects now: 4668.
Total: 4.905504 ms (FindLiveObjects: 0.405395 ms CreateObjectMapping: 0.284634 ms MarkObjects: 4.137867 ms  DeleteObjects: 0.076670 ms)

AssetImportParameters requested are different than current active one (requested -> active):
  custom:video-decoder-ogg-theora: a1e56fd34408186e4bbccfd4996cb3dc -> 
  custom:container-muxer-webm: aa71ff27fc2769a1b78a27578f13a17b -> 
  custom:container-demuxer-webm: 4f35f7cbe854078d1ac9338744f61a02 -> 
  custom:container-demuxer-ogg: 62fdf1f143b41e24485cea50d1cbac27 -> 
  custom:video-encoder-webm-vp8: eb34c28f22e8b96e1ab97ce403110664 -> 
  custom:framework-osx-AVFoundation: e770b220cccbd017edd2c1fefb359320 -> 
  custom:video-decoder-webm-vp8: 9c59270c3fd7afecdb556c50c9e8de78 -> 
  custom:audio-decoder-ogg-vorbis: bf7c407c2cedff20999df2af8eb42d56 -> 
  custom:audio-encoder-webm-vorbis: bf7c407c2cedff20999df2af8eb42d56 -> 
========================================================================
Received Import Request.
  path: Packages/com.unity.render-pipelines.universal
  artifactKey: Guid(87f3e00faee74b02e6227b1c727beb50) Importer(815301076,1909f56bfc062723c751e8b465ee728b)
Start importing Packages/com.unity.render-pipelines.universal using Guid(87f3e00faee74b02e6227b1c727beb50) Importer(815301076,1909f56bfc062723c751e8b465ee728b)  -> (artifact id: '2a08795c2ff7aa8a59dc34e295bc15f9') in 0.006629 seconds 
========================================================================
Received Import Request.
  Time since last request: 0.000206 seconds.
  path: Packages/com.unity.ugui
  artifactKey: Guid(8f7652e09069a1943278893d4264401e) Importer(815301076,1909f56bfc062723c751e8b465ee728b)
Start importing Packages/com.unity.ugui using Guid(8f7652e09069a1943278893d4264401e) Importer(815301076,1909f56bfc062723c751e8b465ee728b)  -> (artifact id: '9be8eef517426cf4e5d1ef023f0f7cab') in 0.000789 seconds 
========================================================================
Received Import Request.
  Time since last request: 0.000145 seconds.
  path: Assets/Scenes
  artifactKey: Guid(b6dc396c47bc84250ba545f0257c78cb) Importer(815301076,1909f56bfc062723c751e8b465ee728b)
Start importing Assets/Scenes using Guid(b6dc396c47bc84250ba545f0257c78cb) Importer(815301076,1909f56bfc062723c751e8b465ee728b)  -> (artifact id: '6e5182eeeafb894639385178dfc03b34') in 0.000772 seconds 
========================================================================
Received Import Request.
  Time since last request: 15.459829 seconds.
  path: Assets/UniversalRenderPipelineAsset.asset
  artifactKey: Guid(8635a6efc6ee542989caf3fb0bba6767) Importer(815301076,1909f56bfc062723c751e8b465ee728b)
Start importing Assets/UniversalRenderPipelineAsset.asset using Guid(8635a6efc6ee542989caf3fb0bba6767) Importer(815301076,1909f56bfc062723c751e8b465ee728b)  -> (artifact id: 'e204f4d8ce26302a2f9f0311506d3938') in 0.693047 seconds 
========================================================================
Received Prepare
Registering precompiled user dll's ...
Registered in 0.002769 seconds.
Begin MonoManager ReloadAssembly
Symbol file LoadedFromMemory doesn't match image /Users/mr13/Desktop/LJP_UNITY/urp/Library/PackageCache/com.unity.visualscripting@1.6.1/Editor/VisualScripting.Core/Dependencies/YamlDotNet/Unity.VisualScripting.YamlDotNet.dll
Symbol file LoadedFromMemory doesn't match image /Users/mr13/Desktop/LJP_UNITY/urp/Library/PackageCache/com.unity.visualscripting@1.6.1/Editor/VisualScripting.Core/Dependencies/DotNetZip/Unity.VisualScripting.IonicZip.dll
Native extension for OSXStandalone target not found
Refreshing native plugins compatible for Editor in 0.93 ms, found 2 plugins.
Preloading 0 native plugins for Editor in 0.00 ms.
Mono: successfully reloaded assembly
- Completed reload, in  1.317 seconds
Domain Reload Profiling:
	ReloadAssembly (1317ms)
		BeginReloadAssembly (140ms)
			ExecutionOrderSort (0ms)
			DisableScriptedObjects (5ms)
			BackupInstance (0ms)
			ReleaseScriptingObjects (0ms)
			CreateAndSetChildDomain (79ms)
		EndReloadAssembly (1107ms)
			LoadAssemblies (75ms)
			RebuildTransferFunctionScriptingTraits (0ms)
			SetupTypeCache (471ms)
			ReleaseScriptCaches (2ms)
			RebuildScriptCaches (56ms)
			SetupLoadedEditorAssemblies (381ms)
				LogAssemblyErrors (0ms)
				InitializePlatformSupportModulesInManaged (4ms)
				SetLoadedEditorAssemblies (0ms)
				RefreshPlugins (1ms)
				BeforeProcessingInitializeOnLoad (56ms)
				ProcessInitializeOnLoadAttributes (312ms)
				ProcessInitializeOnLoadMethodAttributes (5ms)
				AfterProcessingInitializeOnLoad (1ms)
				EditorAssembliesLoaded (0ms)
			ExecutionOrderSort2 (0ms)
			AwakeInstancesAfterBackupRestoration (7ms)
Platform modules already initialized, skipping
Refreshing native plugins compatible for Editor in 0.88 ms, found 2 plugins.
Preloading 0 native plugins for Editor in 0.00 ms.
Unloading 4175 Unused Serialized files (Serialized files now loaded: 0)
System memory in use before: 295.4 MB.
System memory in use after: 292.5 MB.

Unloading 27 unused Assets to reduce memory usage. Loaded Objects now: 4676.
Total: 6.534534 ms (FindLiveObjects: 0.443349 ms CreateObjectMapping: 0.325605 ms MarkObjects: 4.108468 ms  DeleteObjects: 1.656013 ms)

AssetImportParameters requested are different than current active one (requested -> active):
  custom:video-decoder-ogg-theora: a1e56fd34408186e4bbccfd4996cb3dc -> 
  custom:container-muxer-webm: aa71ff27fc2769a1b78a27578f13a17b -> 
  custom:container-demuxer-webm: 4f35f7cbe854078d1ac9338744f61a02 -> 
  custom:container-demuxer-ogg: 62fdf1f143b41e24485cea50d1cbac27 -> 
  custom:video-encoder-webm-vp8: eb34c28f22e8b96e1ab97ce403110664 -> 
  custom:framework-osx-AVFoundation: e770b220cccbd017edd2c1fefb359320 -> 
  custom:video-decoder-webm-vp8: 9c59270c3fd7afecdb556c50c9e8de78 -> 
  custom:audio-decoder-ogg-vorbis: bf7c407c2cedff20999df2af8eb42d56 -> 
  custom:audio-encoder-webm-vorbis: bf7c407c2cedff20999df2af8eb42d56 -> 
========================================================================
Received Import Request.
  Time since last request: 431.889904 seconds.
  path: Assets/SD_Project
  artifactKey: Guid(9276f8ee205734a2b9d9ae1dbbc474cd) Importer(815301076,1909f56bfc062723c751e8b465ee728b)
Start importing Assets/SD_Project using Guid(9276f8ee205734a2b9d9ae1dbbc474cd) Importer(815301076,1909f56bfc062723c751e8b465ee728b)  -> (artifact id: '7e0db5939fd668d181cdef233f9b90b8') in 0.006958 seconds 
========================================================================
Received Import Request.
  Time since last request: 1.310511 seconds.
  path: Assets/SD_Project/character.unity
  artifactKey: Guid(c946ffc20ec97554da3d06b1a51f27b9) Importer(815301076,1909f56bfc062723c751e8b465ee728b)
Start importing Assets/SD_Project/character.unity using Guid(c946ffc20ec97554da3d06b1a51f27b9) Importer(815301076,1909f56bfc062723c751e8b465ee728b)  -> (artifact id: '4d110e573ca135c013803d32f90e735c') in 0.008651 seconds 
========================================================================
Received Import Request.
  Time since last request: 0.722585 seconds.
  path: Assets/SD_Project/Scripts
  artifactKey: Guid(d948ae16ae6108742a0a50e4df7fffa8) Importer(815301076,1909f56bfc062723c751e8b465ee728b)
Start importing Assets/SD_Project/Scripts using Guid(d948ae16ae6108742a0a50e4df7fffa8) Importer(815301076,1909f56bfc062723c751e8b465ee728b)  -> (artifact id: '734843225ea32419ec3ee0e1301f7608') in 0.001001 seconds 
========================================================================
Received Import Request.
  Time since last request: 0.409310 seconds.
  path: Assets/SD_Project/Sample_Map.unity
  artifactKey: Guid(f5e6942801bce4943aa54d201dcd1df3) Importer(815301076,1909f56bfc062723c751e8b465ee728b)
Start importing Assets/SD_Project/Sample_Map.unity using Guid(f5e6942801bce4943aa54d201dcd1df3) Importer(815301076,1909f56bfc062723c751e8b465ee728b)  -> (artifact id: '8ca01286ecdca300357df7356cfd55d0') in 0.001480 seconds 
========================================================================
Received Prepare
Switching render pipeline 00000000000000000000000000000000 -> 8635a6efc6ee542989caf3fb0bba6767
Refreshing native plugins compatible for Editor in 2.62 ms, found 2 plugins.
Preloading 0 native plugins for Editor in 0.00 ms.
Unloading 28 Unused Serialized files (Serialized files now loaded: 0)
System memory in use before: 213.8 MB.
System memory in use after: 210.9 MB.

Unloading 25 unused Assets to reduce memory usage. Loaded Objects now: 4679.
Total: 6.882268 ms (FindLiveObjects: 0.413506 ms CreateObjectMapping: 0.263341 ms MarkObjects: 4.374862 ms  DeleteObjects: 1.829675 ms)

AssetImportParameters requested are different than current active one (requested -> active):
  custom:video-decoder-ogg-theora: a1e56fd34408186e4bbccfd4996cb3dc -> 
  custom:container-muxer-webm: aa71ff27fc2769a1b78a27578f13a17b -> 
  custom:container-demuxer-webm: 4f35f7cbe854078d1ac9338744f61a02 -> 
  custom:container-demuxer-ogg: 62fdf1f143b41e24485cea50d1cbac27 -> 
  custom:video-encoder-webm-vp8: eb34c28f22e8b96e1ab97ce403110664 -> 
  custom:framework-osx-AVFoundation: e770b220cccbd017edd2c1fefb359320 -> 
  custom:video-decoder-webm-vp8: 9c59270c3fd7afecdb556c50c9e8de78 -> 
  custom:audio-decoder-ogg-vorbis: bf7c407c2cedff20999df2af8eb42d56 -> 
  custom:audio-encoder-webm-vorbis: bf7c407c2cedff20999df2af8eb42d56 -> 
========================================================================
Received Import Request.
  Time since last request: 38.871761 seconds.
  path: Assets/SD_Project/Sample_Map.unity
  artifactKey: Guid(f5e6942801bce4943aa54d201dcd1df3) Importer(815301076,1909f56bfc062723c751e8b465ee728b)
Start importing Assets/SD_Project/Sample_Map.unity using Guid(f5e6942801bce4943aa54d201dcd1df3) Importer(815301076,1909f56bfc062723c751e8b465ee728b)  -> (artifact id: '78b86d011b7ff69f10289625205f4bed') in 0.001334 seconds 
========================================================================
Received Import Request.
  Time since last request: 3.156003 seconds.
  path: Assets/UniversalRenderPipelineAsset.asset
  artifactKey: Guid(8635a6efc6ee542989caf3fb0bba6767) Importer(815301076,1909f56bfc062723c751e8b465ee728b)
Start importing Assets/UniversalRenderPipelineAsset.asset using Guid(8635a6efc6ee542989caf3fb0bba6767) Importer(815301076,1909f56bfc062723c751e8b465ee728b)  -> (artifact id: '04e2ea219ed6ccad13aa6dda3cf8accc') in 0.002741 seconds 
========================================================================
Received Import Request.
  Time since last request: 1.159731 seconds.
  path: Assets/UniversalRenderPipelineAsset_Renderer.asset
  artifactKey: Guid(80cbe11afd8454b9b9a541ec5c119d3d) Importer(815301076,1909f56bfc062723c751e8b465ee728b)
Start importing Assets/UniversalRenderPipelineAsset_Renderer.asset using Guid(80cbe11afd8454b9b9a541ec5c119d3d) Importer(815301076,1909f56bfc062723c751e8b465ee728b)  -> (artifact id: '00b6fac3f25ab9f63c03e053690fba1c') in 0.002394 seconds 
========================================================================
Received Import Request.
  Time since last request: 42.013327 seconds.
  path: Assets/SD_Project/Texture/Environment/grassB.png
  artifactKey: Guid(a89db713f0d281f419da1a87f387ef9b) Importer(815301076,1909f56bfc062723c751e8b465ee728b)
Start importing Assets/SD_Project/Texture/Environment/grassB.png using Guid(a89db713f0d281f419da1a87f387ef9b) Importer(815301076,1909f56bfc062723c751e8b465ee728b)  -> (artifact id: '86f8db66a34e7ece42837831e641f8a3') in 0.889661 seconds 
AssetImportWorkerClient::OnTransportError - code=2 error=End of file
