Using pre-set license
Pro License: NO

 COMMAND LINE ARGUMENTS:
/Applications/Unity/Hub/Editor/2021.1.17f1/Unity.app/Contents/MacOS/Unity
-adb2
-batchMode
-noUpm
-name
AssetImportWorker0
-projectPath
/Users/mr13/Desktop/LJP_UNITY/Urp_Shader_traning
-logFile
Logs/AssetImportWorker0.log
-srvPort
50107
Successfully changed project path to: /Users/mr13/Desktop/LJP_UNITY/Urp_Shader_traning
/Users/mr13/Desktop/LJP_UNITY/Urp_Shader_traning
Using Asset Import Pipeline V2.
Refreshing native plugins compatible for Editor in 101.29 ms, found 2 plugins.
Preloading 0 native plugins for Editor in 0.00 ms.
Initialize engine version: 2021.1.17f1 (03b40fe07a36)
[Subsystems] Discovering subsystems at path /Applications/Unity/Hub/Editor/2021.1.17f1/Unity.app/Contents/Resources/UnitySubsystems
[Subsystems] Discovering subsystems at path /Users/mr13/Desktop/LJP_UNITY/Urp_Shader_traning/Assets
GfxDevice: creating device client; threaded=0; jobified=0
2021-11-17 09:23:57.401 Unity[2911:70439] LG UltraFine preferred device: AMD Radeon Pro W5700X (high power)
2021-11-17 09:23:57.401 Unity[2911:70439] Metal devices available: 1
2021-11-17 09:23:57.401 Unity[2911:70439] 0: AMD Radeon Pro W5700X (high power)
2021-11-17 09:23:57.401 Unity[2911:70439] Using device AMD Radeon Pro W5700X (high power)
Initializing Metal device caps: AMD Radeon Pro W5700X
Initialize mono
Mono path[0] = '/Applications/Unity/Hub/Editor/2021.1.17f1/Unity.app/Contents/Managed'
Mono path[1] = '/Applications/Unity/Hub/Editor/2021.1.17f1/Unity.app/Contents/MonoBleedingEdge/lib/mono/unityjit'
Mono config path = '/Applications/Unity/Hub/Editor/2021.1.17f1/Unity.app/Contents/MonoBleedingEdge/etc'
Using monoOptions --debugger-agent=transport=dt_socket,embedding=1,server=y,suspend=n,address=127.0.0.1:56911
Begin MonoManager ReloadAssembly
Registering precompiled unity dll's ...
Register platform support module: /Applications/Unity/Hub/Editor/2021.1.17f1/Unity.app/Contents/PlaybackEngines/MacStandaloneSupport/UnityEditor.OSXStandalone.Extensions.dll
Registered in 0.000554 seconds.
Native extension for OSXStandalone target not found
Refreshing native plugins compatible for Editor in 108.68 ms, found 2 plugins.
Preloading 0 native plugins for Editor in 0.00 ms.
Mono: successfully reloaded assembly
- Completed reload, in  3.320 seconds
Domain Reload Profiling:
	ReloadAssembly (3321ms)
		BeginReloadAssembly (51ms)
			ExecutionOrderSort (0ms)
			DisableScriptedObjects (0ms)
			BackupInstance (0ms)
			ReleaseScriptingObjects (0ms)
			CreateAndSetChildDomain (1ms)
		EndReloadAssembly (586ms)
			LoadAssemblies (50ms)
			RebuildTransferFunctionScriptingTraits (0ms)
			SetupTypeCache (225ms)
			ReleaseScriptCaches (0ms)
			RebuildScriptCaches (41ms)
			SetupLoadedEditorAssemblies (271ms)
				LogAssemblyErrors (0ms)
				InitializePlatformSupportModulesInManaged (7ms)
				SetLoadedEditorAssemblies (0ms)
				RefreshPlugins (109ms)
				BeforeProcessingInitializeOnLoad (1ms)
				ProcessInitializeOnLoadAttributes (121ms)
				ProcessInitializeOnLoadMethodAttributes (33ms)
				AfterProcessingInitializeOnLoad (0ms)
				EditorAssembliesLoaded (0ms)
			ExecutionOrderSort2 (0ms)
			AwakeInstancesAfterBackupRestoration (0ms)
Platform modules already initialized, skipping
Registering precompiled user dll's ...
Registered in 0.002787 seconds.
Begin MonoManager ReloadAssembly
Symbol file LoadedFromMemory doesn't match image /Users/mr13/Desktop/LJP_UNITY/Urp_Shader_traning/Library/PackageCache/com.unity.visualscripting@1.6.1/Editor/VisualScripting.Core/Dependencies/YamlDotNet/Unity.VisualScripting.YamlDotNet.dll
Symbol file LoadedFromMemory doesn't match image /Users/mr13/Desktop/LJP_UNITY/Urp_Shader_traning/Library/PackageCache/com.unity.visualscripting@1.6.1/Editor/VisualScripting.Core/Dependencies/DotNetZip/Unity.VisualScripting.IonicZip.dll
Native extension for OSXStandalone target not found
Refreshing native plugins compatible for Editor in 102.31 ms, found 2 plugins.
Preloading 0 native plugins for Editor in 0.00 ms.
Mono: successfully reloaded assembly
- Completed reload, in  1.608 seconds
Domain Reload Profiling:
	ReloadAssembly (1608ms)
		BeginReloadAssembly (185ms)
			ExecutionOrderSort (0ms)
			DisableScriptedObjects (5ms)
			BackupInstance (0ms)
			ReleaseScriptingObjects (0ms)
			CreateAndSetChildDomain (39ms)
		EndReloadAssembly (1351ms)
			LoadAssemblies (86ms)
			RebuildTransferFunctionScriptingTraits (0ms)
			SetupTypeCache (502ms)
			ReleaseScriptCaches (1ms)
			RebuildScriptCaches (72ms)
			SetupLoadedEditorAssemblies (560ms)
				LogAssemblyErrors (0ms)
				InitializePlatformSupportModulesInManaged (4ms)
				SetLoadedEditorAssemblies (1ms)
				RefreshPlugins (102ms)
				BeforeProcessingInitializeOnLoad (85ms)
				ProcessInitializeOnLoadAttributes (361ms)
				ProcessInitializeOnLoadMethodAttributes (6ms)
				AfterProcessingInitializeOnLoad (1ms)
				EditorAssembliesLoaded (0ms)
			ExecutionOrderSort2 (0ms)
			AwakeInstancesAfterBackupRestoration (8ms)
Platform modules already initialized, skipping
========================================================================
Worker process is ready to serve import requests
Launching external process: /Applications/Unity/Hub/Editor/2021.1.17f1/Unity.app/Contents/Tools/UnityShaderCompiler
Launched and connected shader compiler UnityShaderCompiler after 0.01 seconds
Refreshing native plugins compatible for Editor in 1.01 ms, found 2 plugins.
Preloading 0 native plugins for Editor in 0.00 ms.
Unloading 4276 Unused Serialized files (Serialized files now loaded: 0)
System memory in use before: 295.6 MB.
System memory in use after: 295.8 MB.

Unloading 22 unused Assets to reduce memory usage. Loaded Objects now: 4722.
Total: 4.957812 ms (FindLiveObjects: 0.438656 ms CreateObjectMapping: 0.272593 ms MarkObjects: 4.184739 ms  DeleteObjects: 0.060910 ms)

AssetImportParameters requested are different than current active one (requested -> active):
  custom:video-decoder-ogg-theora: a1e56fd34408186e4bbccfd4996cb3dc -> 
  custom:container-muxer-webm: aa71ff27fc2769a1b78a27578f13a17b -> 
  custom:container-demuxer-webm: 4f35f7cbe854078d1ac9338744f61a02 -> 
  custom:container-demuxer-ogg: 62fdf1f143b41e24485cea50d1cbac27 -> 
  custom:video-encoder-webm-vp8: eb34c28f22e8b96e1ab97ce403110664 -> 
  custom:framework-osx-AVFoundation: e770b220cccbd017edd2c1fefb359320 -> 
  custom:video-decoder-webm-vp8: 9c59270c3fd7afecdb556c50c9e8de78 -> 
  custom:audio-decoder-ogg-vorbis: bf7c407c2cedff20999df2af8eb42d56 -> 
  custom:audio-encoder-webm-vorbis: bf7c407c2cedff20999df2af8eb42d56 -> 
========================================================================
Received Import Request.
  path: Assets/Shaders/Training02.shader
  artifactKey: Guid(4013e9aeeaa134450866dc579aa0e0ab) Importer(815301076,1909f56bfc062723c751e8b465ee728b)
Start importing Assets/Shaders/Training02.shader using Guid(4013e9aeeaa134450866dc579aa0e0ab) Importer(815301076,1909f56bfc062723c751e8b465ee728b)  -> (artifact id: '29a882eb5b510c3ae963b6fad5d08ef5') in 1.028378 seconds 
========================================================================
Received Import Request.
  Time since last request: 75.949305 seconds.
  path: Assets/Shaders/Training02.shader
  artifactKey: Guid(4013e9aeeaa134450866dc579aa0e0ab) Importer(815301076,1909f56bfc062723c751e8b465ee728b)
Start importing Assets/Shaders/Training02.shader using Guid(4013e9aeeaa134450866dc579aa0e0ab) Importer(815301076,1909f56bfc062723c751e8b465ee728b)  -> (artifact id: 'd0ae95ea4b635763f2d1266062099354') in 0.002277 seconds 
========================================================================
Received Import Request.
  Time since last request: 51.835154 seconds.
  path: Assets/Shaders/Training02.shader
  artifactKey: Guid(4013e9aeeaa134450866dc579aa0e0ab) Importer(815301076,1909f56bfc062723c751e8b465ee728b)
Start importing Assets/Shaders/Training02.shader using Guid(4013e9aeeaa134450866dc579aa0e0ab) Importer(815301076,1909f56bfc062723c751e8b465ee728b)  -> (artifact id: '78fc0f71aa20621794a9afc8a6c7f3ac') in 0.001958 seconds 
========================================================================
Received Import Request.
  Time since last request: 87.829946 seconds.
  path: Assets/Shaders/Training02.shader
  artifactKey: Guid(4013e9aeeaa134450866dc579aa0e0ab) Importer(815301076,1909f56bfc062723c751e8b465ee728b)
Start importing Assets/Shaders/Training02.shader using Guid(4013e9aeeaa134450866dc579aa0e0ab) Importer(815301076,1909f56bfc062723c751e8b465ee728b)  -> (artifact id: '42d061aaf3d055888bd671adf5fc371b') in 0.001843 seconds 
========================================================================
Received Import Request.
  Time since last request: 130.566267 seconds.
  path: Assets/Textures
  artifactKey: Guid(e4284dd18339f4e3f9ca5f058d4efc1e) Importer(815301076,1909f56bfc062723c751e8b465ee728b)
Start importing Assets/Textures using Guid(e4284dd18339f4e3f9ca5f058d4efc1e) Importer(815301076,1909f56bfc062723c751e8b465ee728b)  -> (artifact id: '9970b3ca2d0c3a04d7779d8c66f38817') in 0.001556 seconds 
========================================================================
Received Import Request.
  Time since last request: 16.893454 seconds.
  path: Assets/Textures/TestAlpha.tga
  artifactKey: Guid(243eb2683840546e1b00577b6e7d83bd) Importer(815301076,1909f56bfc062723c751e8b465ee728b)
Start importing Assets/Textures/TestAlpha.tga using Guid(243eb2683840546e1b00577b6e7d83bd) Importer(815301076,1909f56bfc062723c751e8b465ee728b)  -> (artifact id: '64b8e3d60624d3f7bbcab9cdf3200edc') in 0.898787 seconds 
AssetImportWorkerClient::OnTransportError - code=2 error=End of file
